Task 1 Start.
 Task 1 Trial #: 1
15.8073
4.56535
3955.56
 Task 1 Trial #: 2
15.8073
4.56535
1961.56
 Task 1 Trial #: 3
15.8073
4.56535
1307.02
 Task 1 Trial #: 4
15.8073
4.56535
981.165
 Task 1 Trial #: 5
15.8073
4.56535
785.866
 Task 1 Trial #: 6
15.8073
4.56535
913.178
 Task 1 Trial #: 7
15.8073
4.56535
775.552
 Task 1 Trial #: 8
15.8073
4.56535
753.929
 Task 1 Trial #: 9
15.8073
4.56535
672.315
 Task 1 Trial #: 10
15.8073
4.56535
734.512
 Task 1 Trial #: 11
15.8073
4.56535
709.49
 Task 1 Trial #: 12
15.8073
4.56535
677.982
 Task 1 Trial #: 13
15.8073
4.56535
641.592
 Task 1 Trial #: 14
15.8073
4.56535
479.646
 Task 1 Trial #: 15
15.8073
4.56535
555.588
 Task 1 Trial #: 16
15.8073
4.56535
579.32
 Task 1 Trial #: 17
15.8073
4.56535
479.432
 Task 1 Trial #: 18
15.8073
4.56535
385.169
 Task 1 Trial #: 19
15.8073
4.56535
522.725
 Task 1 Trial #: 20
15.8073
4.56535
367.235
Task 1 complete.
Task 2 Start.
 Task 2 Trial #: 1
1.60992
3.12089
49.5379
 Task 2 Trial #: 2
1.60992
3.12089
25.4363
 Task 2 Trial #: 3
1.60992
3.12089
17.5812
 Task 2 Trial #: 4
1.60992
3.12089
12.9086
 Task 2 Trial #: 5
1.60992
3.12089
10.5247
 Task 2 Trial #: 6
1.60992
3.12089
16.9121
 Task 2 Trial #: 7
1.60992
3.12089
14.4805
 Task 2 Trial #: 8
1.60992
3.12089
12.8981
 Task 2 Trial #: 9
1.60992
3.12089
11.3555
 Task 2 Trial #: 10
1.60992
3.12089
17.4078
 Task 2 Trial #: 11
1.60992
3.12089
18.6085
 Task 2 Trial #: 12
1.60992
3.12089
18.2169
 Task 2 Trial #: 13
1.60992
3.12089
21.1188
 Task 2 Trial #: 14
1.60992
3.12089
18.835
 Task 2 Trial #: 15
1.60992
3.12089
23.6522
 Task 2 Trial #: 16
1.60992
3.12089
23.9804
 Task 2 Trial #: 17
1.60992
3.12089
17.8869
 Task 2 Trial #: 18
1.60992
3.12089
12.9745
 Task 2 Trial #: 19
1.60992
3.12089
19.0966
 Task 2 Trial #: 20
1.60992
3.12089
19.8837
Task 2 complete.
Task 3 TS Start.
 Task 3 Trial #: 1
-1000
1000
817.53
 Task 3 Trial #: 2
-1000
1000
403.137
 Task 3 Trial #: 3
-1000
1000
194.696
 Task 3 Trial #: 4
-1000
1000
90.2011
 Task 3 Trial #: 5
-1000
1000
57.4457
 Task 3 Trial #: 6
-1000
1000
47.7721
 Task 3 Trial #: 7
-1000
1000
50.5005
 Task 3 Trial #: 8
-1000
1000
54.8146
 Task 3 Trial #: 9
-1000
1000
93.7041
 Task 3 Trial #: 10
-1000
1000
161.279
Task 3 TS complete.
Task 3 T Start.
 Task 3 Trial #: 1
-1000
1000
134.54
 Task 3 Trial #: 2
-1000
1000
76.3639
 Task 3 Trial #: 3
-1000
1000
76.7059
 Task 3 Trial #: 4
-1000
1000
58.4704
 Task 3 Trial #: 5
-1000
1000
59.1353
 Task 3 Trial #: 6
-1000
1000
56.0839
 Task 3 Trial #: 7
-1000
1000
54.0883
 Task 3 Trial #: 8
-1000
1000
53.9244
 Task 3 Trial #: 9
-1000
1000
51.2582
 Task 3 Trial #: 10
-1000
1000
49.0545
 Task 3 Trial #: 11
-1000
1000
49.3442
 Task 3 Trial #: 12
-1000
1000
43.3562
 Task 3 Trial #: 13
-1000
1000
45.6188
 Task 3 Trial #: 14
-1000
1000
49.6665
 Task 3 Trial #: 15
-1000
1000
45.621
 Task 3 Trial #: 16
-1000
1000
39.007
 Task 3 Trial #: 17
-1000
1000
52.8416
 Task 3 Trial #: 18
-1000
1000
50.054
 Task 3 Trial #: 19
-1000
1000
55.7368
 Task 3 Trial #: 20
-1000
1000
56.7397
Task 3 T complete.
